d:\数据结构课设\datastructure\datastructure\debug\datastructure.pch
d:\数据结构课设\datastructure\datastructure\debug\vc141.pdb
d:\数据结构课设\datastructure\datastructure\debug\vc141.idb
d:\数据结构课设\datastructure\datastructure\debug\stdafx.obj
d:\数据结构课设\datastructure\datastructure\debug\stack.obj
d:\数据结构课设\datastructure\datastructure\debug\linklist.obj
d:\数据结构课设\datastructure\datastructure\debug\graph.obj
d:\数据结构课设\datastructure\datastructure\debug\bitree.obj
d:\数据结构课设\datastructure\datastructure\debug\array.obj
d:\数据结构课设\datastructure\datastructure\debug\addrlist.obj
d:\数据结构课设\datastructure\datastructure\debug\test.obj
d:\数据结构课设\datastructure\datastructure\debug\datastructure.obj
d:\数据结构课设\datastructure\datastructure\debug\triplet.obj
d:\数据结构课设\datastructure\debug\datastructure.pdb
d:\数据结构课设\datastructure\datastructure\debug\datastructure.tlog\cl.command.1.tlog
d:\数据结构课设\datastructure\datastructure\debug\datastructure.tlog\cl.read.1.tlog
d:\数据结构课设\datastructure\datastructure\debug\datastructure.tlog\cl.write.1.tlog
d:\数据结构课设\datastructure\datastructure\debug\datastructure.tlog\link-cvtres.read.1.tlog
d:\数据结构课设\datastructure\datastructure\debug\datastructure.tlog\link-cvtres.write.1.tlog
d:\数据结构课设\datastructure\datastructure\debug\datastructure.tlog\link-rc.read.1.tlog
d:\数据结构课设\datastructure\datastructure\debug\datastructure.tlog\link-rc.write.1.tlog
d:\数据结构课设\datastructure\datastructure\debug\datastructure.tlog\link.3432-cvtres.read.1.tlog
d:\数据结构课设\datastructure\datastructure\debug\datastructure.tlog\link.3432-cvtres.write.1.tlog
d:\数据结构课设\datastructure\datastructure\debug\datastructure.tlog\link.3432-rc.read.1.tlog
d:\数据结构课设\datastructure\datastructure\debug\datastructure.tlog\link.3432-rc.write.1.tlog
d:\数据结构课设\datastructure\datastructure\debug\datastructure.tlog\link.3432.read.1.tlog
d:\数据结构课设\datastructure\datastructure\debug\datastructure.tlog\link.3432.write.1.tlog
d:\数据结构课设\datastructure\datastructure\debug\datastructure.tlog\link.command.1.tlog
d:\数据结构课设\datastructure\datastructure\debug\datastructure.tlog\link.read.1.tlog
d:\数据结构课设\datastructure\datastructure\debug\datastructure.tlog\link.write.1.tlog
